\BOOKMARK [0][-]{chapter*.2}{\376\377\004\022\004\062\004\065\004\064\004\065\004\075\004\070\004\065}{}% 1
\BOOKMARK [0][-]{description.0}{\376\377\004\036\004\061\004\112\004\065\004\074\000\040\004\070\000\040\004\101\004\102\004\100\004\103\004\072\004\102\004\103\004\100\004\060\000\040\004\100\004\060\004\061\004\076\004\102\004\113\000.}{}% 2
\BOOKMARK [0][-]{conclusion.0}{\376\377\004\027\004\060\004\072\004\073\004\116\004\107\004\065\004\075\004\070\004\065}{}% 3
\BOOKMARK [0][-]{chapter.1}{\376\377\004\036\004\077\004\102\004\070\004\074\004\070\004\067\004\060\004\106\004\070\004\117\000\040\004\075\004\060\004\077\004\100\004\060\004\062\004\073\004\065\004\075\004\075\004\076\004\101\004\102\004\070\000\040\004\044\004\020\004\040\000:\000\040\004\076\004\101\004\075\004\076\004\062\004\075\004\113\004\065\000\040\004\077\004\076\004\075\004\117\004\102\004\070\004\117\000,\000\040\004\077\004\076\004\101\004\102\004\060\004\075\004\076\004\062\004\072\004\060\000\040\004\067\004\060\004\064\004\060\004\107\000,\000\040\004\077\004\100\004\076\004\061\004\073\004\065\004\074\004\113\000\040\004\070\000\040\004\074\004\065\004\102\004\076\004\064\004\113\000\040\004\100\004\065\004\110\004\065\004\075\004\070\004\117}{}% 4
\BOOKMARK [1][-]{section.1.1}{\376\377\004\036\004\101\004\075\004\076\004\062\004\075\004\113\004\065\000\040\004\077\004\076\004\075\004\117\004\102\004\070\004\117}{chapter.1}% 5
\BOOKMARK [1][-]{section.1.2}{\376\377\004\037\004\076\004\101\004\102\004\060\004\075\004\076\004\062\004\072\004\060\000\040\004\067\004\060\004\064\004\060\004\107\004\070}{chapter.1}% 6
\BOOKMARK [1][-]{section.1.3}{\376\377\004\034\004\065\004\102\004\076\004\064\004\113\000\040\004\100\004\065\004\110\004\065\004\075\004\070\004\117}{chapter.1}% 7
\BOOKMARK [1][-]{section.1.4}{\376\377\004\044\004\076\004\100\004\074\004\103\004\073\004\070\004\100\004\076\004\062\004\072\004\060\000\040\004\067\004\060\004\064\004\060\004\107\004\070\000\040\004\062\000\040\004\064\004\065\004\071\004\101\004\102\004\062\004\070\004\102\004\065\004\073\004\114\004\075\004\113\004\105\000\040\004\107\004\070\004\101\004\073\004\060\004\105}{chapter.1}% 8
\BOOKMARK [1][-]{section.1.5}{\376\377\004\024\004\100\004\103\004\063\004\070\004\065\000\040\004\077\004\076\004\101\004\102\004\060\004\075\004\076\004\062\004\072\004\070\000\040\004\067\004\060\004\064\004\060\004\107\004\070}{chapter.1}% 9
\BOOKMARK [1][-]{section.1.6}{\376\377\004\022\004\065\004\100\004\105\004\075\004\117\004\117\000\040\004\076\004\106\004\065\004\075\004\072\004\060\000\040\004\075\004\076\004\100\004\074\004\113\000\040\004\064\004\076\004\077\004\103\004\101\004\102\004\070\004\074\004\113\004\105\000\040\004\100\004\065\004\110\004\065\004\075\004\070\004\071}{chapter.1}% 10
\BOOKMARK [1][-]{section.1.7}{\376\377\004\034\004\060\004\101\004\110\004\102\004\060\004\061\004\070\004\100\004\076\004\062\004\060\004\075\004\070\004\065\000\040\004\077\004\100\004\076\004\070\004\067\004\062\004\076\004\073\004\114\004\075\004\076\004\063\004\076\000\040\004\100\004\065\004\110\004\065\004\075\004\070\004\117\000\040\004\062\000\040\004\064\004\076\004\077\004\103\004\101\004\102\004\070\004\074\004\103\004\116\000\040\004\076\004\061\004\073\004\060\004\101\004\102\004\114}{chapter.1}% 11
\BOOKMARK [1][-]{section.1.8}{\376\377\004\037\004\100\004\076\004\062\004\065\004\100\004\072\004\060\000\040\004\075\004\065\004\076\004\061\004\105\004\076\004\064\004\070\004\074\004\113\004\105\000\040\004\103\004\101\004\073\004\076\004\062\004\070\004\071\000\040\004\073\004\076\004\072\004\060\004\073\004\114\004\075\004\076\004\071\000\040\004\076\004\077\004\102\004\070\004\074\004\060\004\073\004\114\004\075\004\076\004\101\004\102\004\070}{chapter.1}% 12
\BOOKMARK [0][-]{chapter.2}{\376\377\004\020\004\075\004\060\004\073\004\070\004\067\000\040\004\101\004\102\004\100\004\103\004\072\004\102\004\103\004\100\004\113\000\040\004\073\004\076\004\072\004\060\004\073\004\114\004\075\004\113\004\105\000\040\004\076\004\077\004\102\004\070\004\074\004\103\004\074\004\076\004\062}{}% 13
\BOOKMARK [1][-]{section.2.1}{\376\377\004\042\004\065\004\101\004\102\004\076\004\062\004\113\004\065\000\040\004\077\004\100\004\070\004\074\004\065\004\100\004\113}{chapter.2}% 14
\BOOKMARK [1][-]{section.2.2}{\376\377\004\040\004\065\004\067\004\103\004\073\004\114\004\102\004\060\004\102\004\113\000\040\004\062\004\113\004\107\004\070\004\101\004\073\004\070\004\102\004\065\004\073\004\114\004\075\004\076\004\063\004\076\000\040\004\115\004\072\004\101\004\077\004\065\004\100\004\070\004\074\004\065\004\075\004\102\004\060}{chapter.2}% 15
\BOOKMARK [1][-]{section.2.3}{\376\377\004\032\004\076\004\073\004\070\004\107\004\065\004\101\004\102\004\062\004\076\000\040\004\073\004\076\004\072\004\060\004\073\004\114\004\075\004\113\004\105\000\040\004\076\004\077\004\102\004\070\004\074\004\103\004\074\004\076\004\062\000\040\004\070\000\040\004\070\004\105\000\040\004\100\004\060\004\101\004\077\004\076\004\073\004\076\004\066\004\065\004\075\004\070\004\065}{chapter.2}% 16
\BOOKMARK [1][-]{section.2.4}{\376\377\004\055\004\072\004\101\004\077\004\065\004\100\004\070\004\074\004\065\004\075\004\102\004\060\004\073\004\114\004\075\004\060\004\117\000\040\004\077\004\100\004\076\004\062\004\065\004\100\004\072\004\060\000\040\004\103\004\101\004\102\004\076\004\071\004\107\004\070\004\062\004\076\004\101\004\102\004\070\000\040\004\100\004\065\004\110\004\065\004\075\004\070\004\071}{chapter.2}% 17
\BOOKMARK [1][-]{section.2.5}{\376\377\004\030\004\101\004\101\004\073\004\065\004\064\004\076\004\062\004\060\004\075\004\070\004\065\000\040\004\075\004\065\004\077\004\100\004\065\004\100\004\113\004\062\004\075\004\113\004\105\000\040\004\101\004\070\004\074\004\074\004\065\004\102\004\100\004\070\004\071}{chapter.2}% 18
\BOOKMARK [2][-]{subsection.2.5.1}{\376\377\004\036\004\061\004\111\004\070\004\065\000\040\004\077\004\076\004\073\004\076\004\066\004\065\004\075\004\070\004\117}{section.2.5}% 19
\BOOKMARK [2][-]{subsection.2.5.2}{\376\377\004\035\004\060\004\105\004\076\004\066\004\064\004\065\004\075\004\070\004\065\000\040\004\063\004\100\004\103\004\077\004\077\000\040\004\075\004\065\004\077\004\100\004\065\004\100\004\113\004\062\004\075\004\113\004\105\000\040\004\101\004\070\004\074\004\074\004\065\004\102\004\100\004\070\004\071}{section.2.5}% 20
\BOOKMARK [2][-]{subsection.2.5.3}{\376\377\004\022\004\113\004\107\004\070\004\101\004\073\004\070\004\102\004\065\004\073\004\114\004\075\004\113\004\071\000\040\004\115\004\072\004\101\004\077\004\065\004\100\004\070\004\074\004\065\004\075\004\102}{section.2.5}% 21
\BOOKMARK [0][-]{chapter.3}{\376\377\004\024\004\070\004\104\004\104\004\065\004\100\004\065\004\075\004\106\004\070\004\060\004\073\004\114\004\075\004\060\004\117\000\040\004\115\004\062\004\076\004\073\004\116\004\106\004\070\004\117}{}% 22
\BOOKMARK [1][-]{section.3.1}{\376\377\004\036\004\061\004\067\004\076\004\100}{chapter.3}% 23
\BOOKMARK [2][-]{subsection.3.1.1}{\376\377\004\030\004\075\004\070\004\106\004\070\004\060\004\073\004\070\004\067\004\060\004\106\004\070\004\117}{section.3.1}% 24
\BOOKMARK [2][-]{subsection.3.1.2}{\376\377\004\034\004\103\004\102\004\060\004\106\004\070\004\117}{section.3.1}% 25
\BOOKMARK [2][-]{subsection.3.1.3}{\376\377\004\040\004\065\004\072\004\076\004\074\004\061\004\070\004\075\004\060\004\106\004\070\004\117}{section.3.1}% 26
\BOOKMARK [2][-]{subsection.3.1.4}{\376\377\004\041\004\065\004\073\004\065\004\072\004\106\004\070\004\117}{section.3.1}% 27
\BOOKMARK [1][-]{section.3.2}{\376\377\004\055\004\072\004\101\004\077\004\065\004\100\004\070\004\074\004\065\004\075\004\102}{chapter.3}% 28
\BOOKMARK [0][-]{chapter.4}{\376\377\004\030\004\101\004\101\004\073\004\065\004\064\004\076\004\062\004\060\004\075\004\070\004\065\000\040\004\062\004\076\004\067\004\074\004\076\004\066\004\075\004\076\004\101\004\102\004\065\004\071\000\040\004\044\004\020\004\040\000\040\004\062\000\040\004\100\004\060\004\067\004\075\004\113\004\105\000\040\004\103\004\101\004\073\004\076\004\062\004\070\004\117\004\105}{}% 29
\BOOKMARK [1][-]{section.4.1}{\376\377\004\030\004\101\004\101\004\073\004\065\004\064\004\076\004\062\004\060\004\075\004\070\004\065\000\040\004\100\004\060\004\064\004\070\004\076\004\107\004\060\004\101\004\102\004\076\004\102\004\075\004\113\004\105\000\040\004\067\004\060\004\062\004\070\004\101\004\070\004\074\004\076\004\101\004\102\004\065\004\071}{chapter.4}% 30
\BOOKMARK [1][-]{section.4.2}{\376\377\004\030\004\101\004\101\004\073\004\065\004\064\004\076\004\062\004\060\004\075\004\070\004\065\000\040\004\062\004\067\004\060\004\070\004\074\004\075\004\076\004\063\004\076\000\040\004\062\004\073\004\070\004\117\004\075\004\070\004\117\000\040\004\070\004\067\004\073\004\103\004\107\004\060\004\102\004\065\004\073\004\065\004\071}{chapter.4}% 31
\BOOKMARK [2][-]{subsection.4.2.1}{\376\377\004\050\004\070\004\100\004\076\004\072\004\076\004\077\004\076\004\073\004\076\004\101\004\075\004\113\004\065\000\040\004\062\004\065\004\100\004\102\004\070\004\072\004\060\004\073\004\114\004\075\004\113\004\065\000\040\004\070\004\067\004\073\004\103\004\107\004\060\004\102\004\065\004\073\004\070}{section.4.2}% 32
\BOOKMARK [2][-]{subsection.4.2.2}{\376\377\004\050\004\070\004\100\004\076\004\072\004\076\004\077\004\076\004\073\004\076\004\101\004\075\004\113\004\065\000\040\004\062\004\065\004\100\004\102\004\070\004\072\004\060\004\073\004\114\004\075\004\113\004\065\000\040\004\064\004\070\004\077\004\076\004\073\004\070}{section.4.2}% 33
\BOOKMARK [2][-]{subsection.4.2.3}{\376\377\004\041\004\070\004\074\004\074\004\065\004\102\004\100\004\070\004\107\004\075\004\113\004\065\000\040\004\062\004\065\004\100\004\102\004\070\004\072\004\060\004\073\004\114\004\075\004\113\004\065\000\040\004\064\004\070\004\077\004\076\004\073\004\070}{section.4.2}% 34
\BOOKMARK [2][-]{subsection.4.2.4}{\376\377\004\030\004\075\004\102\004\065\004\100\004\077\004\100\004\065\004\102\004\060\004\106\004\070\004\117\000\040\004\100\004\065\004\067\004\103\004\073\004\114\004\102\004\060\004\102\004\076\004\062\000\040\004\115\004\072\004\101\004\077\004\065\004\100\004\070\004\074\004\065\004\075\004\102\004\076\004\062\000\040\004\077\004\076\000\040\004\070\004\101\004\101\004\073\004\065\004\064\004\076\004\062\004\060\004\075\004\070\004\116\000\040\004\062\004\067\004\060\004\070\004\074\004\075\004\076\004\063\004\076\000\040\004\062\004\073\004\070\004\117\004\075\004\070\004\117\000\040\004\070\004\067\004\073\004\103\004\107\004\060\004\102\004\065\004\073\004\065\004\071}{section.4.2}% 35
\BOOKMARK [0][-]{chapter*.38}{\376\377\004\027\004\060\004\072\004\073\004\116\004\107\004\065\004\075\004\070\004\065}{}% 36
\BOOKMARK [0][-]{chapter*.39}{\376\377\004\041\004\073\004\076\004\062\004\060\004\100\004\114\000\040\004\102\004\065\004\100\004\074\004\070\004\075\004\076\004\062}{}% 37
\BOOKMARK [1][-]{section.4.3}{\376\377\004\037\004\100\004\070\004\073\004\076\004\066\004\065\004\075\004\070\004\065\000\040\004\021}{chapter*.39}% 38
\BOOKMARK [2][-]{subsection.4.3.1}{\376\377\004\023\004\100\004\060\004\104\004\070\004\107\004\065\004\101\004\072\004\070\004\071\000\040\004\070\004\075\004\102\004\065\004\100\004\104\004\065\004\071\004\101}{section.4.3}% 39
\BOOKMARK [2][-]{subsection.4.3.2}{\376\377\004\057\004\067\004\113\004\072\004\076\004\062\004\113\004\065\000\040\004\072\004\076\004\075\004\101\004\102\004\100\004\103\004\072\004\106\004\070\004\070}{section.4.3}% 40
\BOOKMARK [0][-]{section*.45}{\376\377\004\041\004\077\004\070\004\101\004\076\004\072\000\040\004\073\004\070\004\102\004\065\004\100\004\060\004\102\004\103\004\100\004\113}{}% 41
