This is XeTeX, Version 3.141592653-2.6-0.999994 (MiKTeX 22.3) (preloaded format=xelatex 2022.4.23)  25 JUN 2022 10:29
entering extended mode
 restricted \write18 enabled.
 %&-line parsing enabled.
**./experiment_id.tex
(experiment_id.tex
LaTeX2e <2021-11-15> patch level 1
L3 programming layer <2022-02-24>
(C:\Program Files\MiKTeX\tex/latex/koma-script\scrartcl.cls
Document Class: scrartcl 2021/11/13 v3.35 KOMA-Script document class (article)
(C:\Program Files\MiKTeX\tex/latex/koma-script\scrkbase.sty
Package: scrkbase 2021/11/13 v3.35 KOMA-Script package (KOMA-Script-dependent b
asics and keyval usage)

(C:\Program Files\MiKTeX\tex/latex/koma-script\scrbase.sty
Package: scrbase 2021/11/13 v3.35 KOMA-Script package (KOMA-Script-independent 
basics and keyval usage)

(C:\Program Files\MiKTeX\tex/latex/koma-script\scrlfile.sty
Package: scrlfile 2021/11/13 v3.35 KOMA-Script package (file load hooks)

(C:\Program Files\MiKTeX\tex/latex/koma-script\scrlfile-hook.sty
Package: scrlfile-hook 2021/11/13 v3.35 KOMA-Script package (using LaTeX hooks)


(C:\Program Files\MiKTeX\tex/latex/koma-script\scrlogo.sty
Package: scrlogo 2021/11/13 v3.35 KOMA-Script package (logo)
)))
(C:\Program Files\MiKTeX\tex/latex/graphics\keyval.sty
Package: keyval 2014/10/28 v1.15 key=value parser (DPC)
\KV@toks@=\toks16
)
Applying: [2021/05/01] Usage of raw or classic option list on input line 252.
Already applied: [0000/00/00] Usage of raw or classic option list on input line
 368.
))
(C:\Program Files\MiKTeX\tex/latex/koma-script\tocbasic.sty
Package: tocbasic 2021/11/13 v3.35 KOMA-Script package (handling toc-files)
\scr@dte@tocline@numberwidth=\skip47
\scr@dte@tocline@numbox=\box50
)
Package tocbasic Info: babel extension for `toc' omitted
(tocbasic)             because of missing \bbl@set@language on input line 135.
Class scrartcl Info: File `scrsize11pt.clo' used instead of
(scrartcl)           file `scrsize11.clo' to setup font sizes on input line 224
2.

(C:\Program Files\MiKTeX\tex/latex/koma-script\scrsize11pt.clo
File: scrsize11pt.clo 2021/11/13 v3.35 KOMA-Script font size class option (11pt
)
)
(C:\Program Files\MiKTeX\tex/latex/koma-script\typearea.sty
Package: typearea 2021/11/13 v3.35 KOMA-Script package (type area)
\ta@bcor=\skip48
\ta@div=\count181
\ta@hblk=\skip49
\ta@vblk=\skip50
\ta@temp=\skip51
\footheight=\skip52
Package typearea Info: These are the values describing the layout:
(typearea)             DIV  = 10
(typearea)             BCOR = 0.0pt
(typearea)             \paperwidth      = 597.50793pt
(typearea)              \textwidth      = 418.25555pt
(typearea)              DIV departure   = -6%
(typearea)              \evensidemargin = 17.3562pt
(typearea)              \oddsidemargin  = 17.3562pt
(typearea)             \paperheight     = 845.04694pt
(typearea)              \textheight     = 595.80026pt
(typearea)              \topmargin      = -25.16531pt
(typearea)              \headheight     = 17.0pt
(typearea)              \headsep        = 20.40001pt
(typearea)              \topskip        = 11.0pt
(typearea)              \footskip       = 47.6pt
(typearea)              \baselineskip   = 13.6pt
(typearea)              on input line 1743.
)
\c@part=\count182
\c@section=\count183
\c@subsection=\count184
\c@subsubsection=\count185
\c@paragraph=\count186
\c@subparagraph=\count187
\scr@dte@section@maxnumwidth=\skip53
Class scrartcl Info: using compatibility default `runin=bysign'
(scrartcl)           for `\section on input line 4852.
Class scrartcl Info: using compatibility default `afterindent=bysign'
(scrartcl)           for `\section on input line 4852.
\scr@dte@part@maxnumwidth=\skip54
Class scrartcl Info: using compatibility default `afterindent=false'
(scrartcl)           for `\part on input line 4860.
\scr@dte@subsection@maxnumwidth=\skip55
Class scrartcl Info: using compatibility default `runin=bysign'
(scrartcl)           for `\subsection on input line 4870.
Class scrartcl Info: using compatibility default `afterindent=bysign'
(scrartcl)           for `\subsection on input line 4870.
\scr@dte@subsubsection@maxnumwidth=\skip56
Class scrartcl Info: using compatibility default `runin=bysign'
(scrartcl)           for `\subsubsection on input line 4880.
Class scrartcl Info: using compatibility default `afterindent=bysign'
(scrartcl)           for `\subsubsection on input line 4880.
\scr@dte@paragraph@maxnumwidth=\skip57
Class scrartcl Info: using compatibility default `runin=bysign'
(scrartcl)           for `\paragraph on input line 4891.
Class scrartcl Info: using compatibility default `afterindent=bysign'
(scrartcl)           for `\paragraph on input line 4891.
\scr@dte@subparagraph@maxnumwidth=\skip58
Class scrartcl Info: using compatibility default `runin=bysign'
(scrartcl)           for `\subparagraph on input line 4901.
Class scrartcl Info: using compatibility default `afterindent=bysign'
(scrartcl)           for `\subparagraph on input line 4901.
\abovecaptionskip=\skip59
\belowcaptionskip=\skip60
\c@pti@nb@sid@b@x=\box51
Package tocbasic Info: babel extension for `lof' omitted
(tocbasic)             because of missing \bbl@set@language on input line 6076.

\scr@dte@figure@maxnumwidth=\skip61
\c@figure=\count188
Package tocbasic Info: babel extension for `lot' omitted
(tocbasic)             because of missing \bbl@set@language on input line 6091.

\scr@dte@table@maxnumwidth=\skip62
\c@table=\count189
Class scrartcl Info: Redefining `\numberline' on input line 6258.
\bibindent=\dimen138
)
(C:\Program Files\MiKTeX\tex/latex/listings\listings.sty
\lst@mode=\count190
\lst@gtempboxa=\box52
\lst@token=\toks17
\lst@length=\count191
\lst@currlwidth=\dimen139
\lst@column=\count192
\lst@pos=\count193
\lst@lostspace=\dimen140
\lst@width=\dimen141
\lst@newlines=\count194
\lst@lineno=\count195
\lst@maxwidth=\dimen142

(C:\Program Files\MiKTeX\tex/latex/listings\lstmisc.sty
File: lstmisc.sty 2020/03/24 1.8d (Carsten Heinz)
\c@lstnumber=\count196
\lst@skipnumbers=\count197
\lst@framebox=\box53
)
(C:\Program Files\MiKTeX\tex/latex/listings\listings.cfg
File: listings.cfg 2020/03/24 1.8d listings configuration
))
Package: listings 2020/03/24 1.8d (Carsten Heinz)

(C:\Program Files\MiKTeX\tex/latex/graphics\color.sty
Package: color 2021/12/07 v1.3c Standard LaTeX Color (DPC)

(C:\Program Files\MiKTeX\tex/latex/graphics-cfg\color.cfg
File: color.cfg 2016/01/02 v1.6 sample color configuration
)
Package color Info: Driver file: xetex.def on input line 149.

(C:\Program Files\MiKTeX\tex/latex/graphics-def\xetex.def
File: xetex.def 2021/03/18 v5.0k Graphics/color driver for xetex
))
(C:\Program Files\MiKTeX\tex/latex/xcolor\xcolor.sty
Package: xcolor 2021/10/31 v2.13 LaTeX color extensions (UK)

(C:\Program Files\MiKTeX\tex/latex/graphics-cfg\color.cfg
File: color.cfg 2016/01/02 v1.6 sample color configuration
)
Package xcolor Info: Driver file: xetex.def on input line 227.
LaTeX Info: Redefining \color on input line 711.
Package xcolor Info: Model `cmy' substituted by `cmy0' on input line 1352.
Package xcolor Info: Model `RGB' extended on input line 1368.
Package xcolor Info: Model `HTML' substituted by `rgb' on input line 1370.
Package xcolor Info: Model `Hsb' substituted by `hsb' on input line 1371.
Package xcolor Info: Model `tHsb' substituted by `hsb' on input line 1372.
Package xcolor Info: Model `HSB' substituted by `hsb' on input line 1373.
Package xcolor Info: Model `Gray' substituted by `gray' on input line 1374.
Package xcolor Info: Model `wave' substituted by `hsb' on input line 1375.
)
(C:\Program Files\MiKTeX\tex/latex/listings\lstlang1.sty
File: lstlang1.sty 2020/03/24 1.8d listings language file
)
(C:\Program Files\MiKTeX\tex/latex/listings\lstmisc.sty
File: lstmisc.sty 2020/03/24 1.8d (Carsten Heinz)
)
(C:\Program Files\MiKTeX\tex/latex/caption\caption.sty
Package: caption 2022/03/01 v3.6b Customizing captions (AR)

(C:\Program Files\MiKTeX\tex/latex/caption\caption3.sty
Package: caption3 2022/03/17 v2.3b caption3 kernel (AR)
\caption@tempdima=\dimen143
\captionmargin=\dimen144
\caption@leftmargin=\dimen145
\caption@rightmargin=\dimen146
\caption@width=\dimen147
\caption@indent=\dimen148
\caption@parindent=\dimen149
\caption@hangindent=\dimen150
Package caption Info: KOMA-Script document class detected.

(C:\Program Files\MiKTeX\tex/latex/caption\caption-koma.sto
File: caption-koma.sto 2020/09/21 v2.0b Adaption of the caption package to the 
KOMA-Script document classes (AR)
))
\c@caption@flags=\count198
\c@continuedfloat=\count199
Package caption Info: listings package is loaded.
)
(C:\Program Files\MiKTeX\tex/latex/l3backend\l3backend-xetex.def
File: l3backend-xetex.def 2022-02-07 L3 backend support: XeTeX
 ()
\c__kernel_sys_dvipdfmx_version_int=\count266
\l__color_backend_stack_int=\count267
\g__color_backend_stack_int=\count268
\g__graphics_track_int=\count269
\l__pdf_internal_box=\box54
\g__pdf_backend_object_int=\count270
\g__pdf_backend_annotation_int=\count271
\g__pdf_backend_link_int=\count272
)
No file experiment_id.aux.
\openout1 = `experiment_id.aux'.

LaTeX Font Info:    Checking defaults for OML/cmm/m/it on input line 64.
LaTeX Font Info:    ... okay on input line 64.
LaTeX Font Info:    Checking defaults for OMS/cmsy/m/n on input line 64.
LaTeX Font Info:    ... okay on input line 64.
LaTeX Font Info:    Checking defaults for OT1/cmr/m/n on input line 64.
LaTeX Font Info:    ... okay on input line 64.
LaTeX Font Info:    Checking defaults for T1/cmr/m/n on input line 64.
LaTeX Font Info:    ... okay on input line 64.
LaTeX Font Info:    Checking defaults for TS1/cmr/m/n on input line 64.
LaTeX Font Info:    Trying to load font information for TS1+cmr on input line 6
4.
(C:\Program Files\MiKTeX\tex/latex/base\ts1cmr.fd
File: ts1cmr.fd 2019/12/16 v2.5j Standard LaTeX font definitions
)
LaTeX Font Info:    ... okay on input line 64.
LaTeX Font Info:    Checking defaults for TU/lmr/m/n on input line 64.
LaTeX Font Info:    ... okay on input line 64.
LaTeX Font Info:    Checking defaults for OMX/cmex/m/n on input line 64.
LaTeX Font Info:    ... okay on input line 64.
LaTeX Font Info:    Checking defaults for U/cmr/m/n on input line 64.
LaTeX Font Info:    ... okay on input line 64.
Package scrbase Info: activating english \contentsname on input line 64.
Package scrbase Info: activating english \listfigurename on input line 64.
Package scrbase Info: activating english \listtablename on input line 64.
\c@lstlisting=\count273
Package caption Info: Begin \AtBeginDocument code.
Package caption Info: End \AtBeginDocument code.

(C:\Program Files\MiKTeX\tex/latex/listings\lstlang1.sty
File: lstlang1.sty 2020/03/24 1.8d listings language file
)
LaTeX Font Info:    External font `cmex10' loaded for size
(Font)              <9> on input line 65.
LaTeX Font Info:    External font `cmex10' loaded for size
(Font)              <6> on input line 65.
LaTeX Font Info:    External font `cmex10' loaded for size
(Font)              <5> on input line 65.

Overfull \hbox (6.0pt too wide) in paragraph at lines 65--65
[][][][][][][] 
 []

[1

] [2] [3] [4] [5]
Missing character: There is no П in font [lmmono9-regular]:!
Missing character: There is no р in font [lmmono9-regular]:!
Missing character: There is no е in font [lmmono9-regular]:!
Missing character: There is no в in font [lmmono9-regular]:!
Missing character: There is no ы in font [lmmono9-regular]:!
Missing character: There is no ш in font [lmmono9-regular]:!
Missing character: There is no е in font [lmmono9-regular]:!
Missing character: There is no н in font [lmmono9-regular]:!
Missing character: There is no о in font [lmmono9-regular]:!
Missing character: There is no м in font [lmmono9-regular]:!
Missing character: There is no а in font [lmmono9-regular]:!
Missing character: There is no к in font [lmmono9-regular]:!
Missing character: There is no с in font [lmmono9-regular]:!
Missing character: There is no и in font [lmmono9-regular]:!
Missing character: There is no м in font [lmmono9-regular]:!
Missing character: There is no а in font [lmmono9-regular]:!
Missing character: There is no л in font [lmmono9-regular]:!
Missing character: There is no ь in font [lmmono9-regular]:!
Missing character: There is no н in font [lmmono9-regular]:!
Missing character: There is no о in font [lmmono9-regular]:!
Missing character: There is no е in font [lmmono9-regular]:!
Missing character: There is no ч in font [lmmono9-regular]:!
Missing character: There is no и in font [lmmono9-regular]:!
Missing character: There is no с in font [lmmono9-regular]:!
Missing character: There is no л in font [lmmono9-regular]:!
Missing character: There is no о in font [lmmono9-regular]:!
Missing character: There is no с in font [lmmono9-regular]:!
Missing character: There is no е in font [lmmono9-regular]:!
Missing character: There is no г in font [lmmono9-regular]:!
Missing character: There is no м in font [lmmono9-regular]:!
Missing character: There is no е in font [lmmono9-regular]:!
Missing character: There is no н in font [lmmono9-regular]:!
Missing character: There is no т in font [lmmono9-regular]:!
Missing character: There is no о in font [lmmono9-regular]:!
Missing character: There is no в in font [lmmono9-regular]:!
Missing character: There is no М in font [lmmono9-regular]:!
Missing character: There is no о in font [lmmono9-regular]:!
Missing character: There is no д in font [lmmono9-regular]:!
Missing character: There is no е in font [lmmono9-regular]:!
Missing character: There is no л in font [lmmono9-regular]:!
Missing character: There is no ь in font [lmmono9-regular]:!
Missing character: There is no и in font [lmmono9-regular]:!
Missing character: There is no м in font [lmmono9-regular]:!
Missing character: There is no е in font [lmmono9-regular]:!
Missing character: There is no е in font [lmmono9-regular]:!
Missing character: There is no т in font [lmmono9-regular]:!
Missing character: There is no д in font [lmmono9-regular]:!
Missing character: There is no о in font [lmmono9-regular]:!
Missing character: There is no п in font [lmmono9-regular]:!
Missing character: There is no у in font [lmmono9-regular]:!
Missing character: There is no с in font [lmmono9-regular]:!
Missing character: There is no т in font [lmmono9-regular]:!
Missing character: There is no и in font [lmmono9-regular]:!
Missing character: There is no м in font [lmmono9-regular]:!
Missing character: There is no о in font [lmmono9-regular]:!
Missing character: There is no е in font [lmmono9-regular]:!
Missing character: There is no ч in font [lmmono9-regular]:!
Missing character: There is no и in font [lmmono9-regular]:!
Missing character: There is no с in font [lmmono9-regular]:!
Missing character: There is no л in font [lmmono9-regular]:!
Missing character: There is no о in font [lmmono9-regular]:!
Missing character: There is no с in font [lmmono9-regular]:!
Missing character: There is no е in font [lmmono9-regular]:!
Missing character: There is no г in font [lmmono9-regular]:!
Missing character: There is no м in font [lmmono9-regular]:!
Missing character: There is no е in font [lmmono9-regular]:!
Missing character: There is no н in font [lmmono9-regular]:!
Missing character: There is no т in font [lmmono9-regular]:!
Missing character: There is no о in font [lmmono9-regular]:!
Missing character: There is no в in font [lmmono9-regular]:!
[6]
Missing character: There is no М in font [lmmono9-regular]:!
Missing character: There is no а in font [lmmono9-regular]:!
Missing character: There is no т in font [lmmono9-regular]:!
Missing character: There is no р in font [lmmono9-regular]:!
Missing character: There is no и in font [lmmono9-regular]:!
Missing character: There is no ц in font [lmmono9-regular]:!
Missing character: There is no а in font [lmmono9-regular]:!
Missing character: There is no и in font [lmmono9-regular]:!
Missing character: There is no м in font [lmmono9-regular]:!
Missing character: There is no е in font [lmmono9-regular]:!
Missing character: There is no е in font [lmmono9-regular]:!
Missing character: There is no т in font [lmmono9-regular]:!
Missing character: There is no н in font [lmmono9-regular]:!
Missing character: There is no е in font [lmmono9-regular]:!
Missing character: There is no г in font [lmmono9-regular]:!
Missing character: There is no а in font [lmmono9-regular]:!
Missing character: There is no т in font [lmmono9-regular]:!
Missing character: There is no и in font [lmmono9-regular]:!
Missing character: There is no в in font [lmmono9-regular]:!
Missing character: There is no н in font [lmmono9-regular]:!
Missing character: There is no ы in font [lmmono9-regular]:!
Missing character: There is no е in font [lmmono9-regular]:!
Missing character: There is no с in font [lmmono9-regular]:!
Missing character: There is no о in font [lmmono9-regular]:!
Missing character: There is no б in font [lmmono9-regular]:!
Missing character: There is no с in font [lmmono9-regular]:!
Missing character: There is no т in font [lmmono9-regular]:!
Missing character: There is no в in font [lmmono9-regular]:!
Missing character: There is no е in font [lmmono9-regular]:!
Missing character: There is no н in font [lmmono9-regular]:!
Missing character: There is no н in font [lmmono9-regular]:!
Missing character: There is no ы in font [lmmono9-regular]:!
Missing character: There is no е in font [lmmono9-regular]:!
Missing character: There is no ч in font [lmmono9-regular]:!
Missing character: There is no и in font [lmmono9-regular]:!
Missing character: There is no с in font [lmmono9-regular]:!
Missing character: There is no л in font [lmmono9-regular]:!
Missing character: There is no а in font [lmmono9-regular]:!
Missing character: There is no Д in font [lmmono9-regular]:!
Missing character: There is no а in font [lmmono9-regular]:!
Missing character: There is no л in font [lmmono9-regular]:!
Missing character: There is no ь in font [lmmono9-regular]:!
Missing character: There is no н in font [lmmono9-regular]:!
Missing character: There is no е in font [lmmono9-regular]:!
Missing character: There is no й in font [lmmono9-regular]:!
Missing character: There is no ш in font [lmmono9-regular]:!
Missing character: There is no а in font [lmmono9-regular]:!
Missing character: There is no я in font [lmmono9-regular]:!
Missing character: There is no р in font [lmmono9-regular]:!
Missing character: There is no а in font [lmmono9-regular]:!
Missing character: There is no б in font [lmmono9-regular]:!
Missing character: There is no о in font [lmmono9-regular]:!
Missing character: There is no т in font [lmmono9-regular]:!
Missing character: There is no а in font [lmmono9-regular]:!
Missing character: There is no с in font [lmmono9-regular]:!
Missing character: There is no д in font [lmmono9-regular]:!
Missing character: There is no а in font [lmmono9-regular]:!
Missing character: There is no н in font [lmmono9-regular]:!
Missing character: There is no н in font [lmmono9-regular]:!
Missing character: There is no о in font [lmmono9-regular]:!
Missing character: There is no й in font [lmmono9-regular]:!
Missing character: There is no м in font [lmmono9-regular]:!
Missing character: There is no о in font [lmmono9-regular]:!
Missing character: There is no д in font [lmmono9-regular]:!
Missing character: There is no е in font [lmmono9-regular]:!
Missing character: There is no л in font [lmmono9-regular]:!
Missing character: There is no ь in font [lmmono9-regular]:!
Missing character: There is no ю in font [lmmono9-regular]:!
Missing character: There is no п in font [lmmono9-regular]:!
Missing character: There is no р in font [lmmono9-regular]:!
Missing character: There is no и in font [lmmono9-regular]:!
Missing character: There is no в in font [lmmono9-regular]:!
Missing character: There is no е in font [lmmono9-regular]:!
Missing character: There is no д in font [lmmono9-regular]:!
Missing character: There is no е in font [lmmono9-regular]:!
Missing character: There is no т in font [lmmono9-regular]:!
Missing character: There is no к in font [lmmono9-regular]:!
Missing character: There is no о in font [lmmono9-regular]:!
Missing character: There is no ш in font [lmmono9-regular]:!
Missing character: There is no и in font [lmmono9-regular]:!
Missing character: There is no б in font [lmmono9-regular]:!
Missing character: There is no о in font [lmmono9-regular]:!
Missing character: There is no ч in font [lmmono9-regular]:!
Missing character: There is no н in font [lmmono9-regular]:!
Missing character: There is no ы in font [lmmono9-regular]:!
Missing character: There is no м in font [lmmono9-regular]:!
Missing character: There is no р in font [lmmono9-regular]:!
Missing character: There is no е in font [lmmono9-regular]:!
Missing character: There is no з in font [lmmono9-regular]:!
Missing character: There is no у in font [lmmono9-regular]:!
Missing character: There is no л in font [lmmono9-regular]:!
Missing character: There is no ь in font [lmmono9-regular]:!
Missing character: There is no т in font [lmmono9-regular]:!
Missing character: There is no а in font [lmmono9-regular]:!
Missing character: There is no т in font [lmmono9-regular]:!
Missing character: There is no а in font [lmmono9-regular]:!
Missing character: There is no м in font [lmmono9-regular]:!
Missing character: There is no М in font [lmmono9-regular]:!
Missing character: There is no а in font [lmmono9-regular]:!
Missing character: There is no т in font [lmmono9-regular]:!
Missing character: There is no р in font [lmmono9-regular]:!
Missing character: There is no и in font [lmmono9-regular]:!
Missing character: There is no ц in font [lmmono9-regular]:!
Missing character: There is no а in font [lmmono9-regular]:!
Missing character: There is no и in font [lmmono9-regular]:!
Missing character: There is no м in font [lmmono9-regular]:!
Missing character: There is no е in font [lmmono9-regular]:!
Missing character: There is no е in font [lmmono9-regular]:!
Missing character: There is no т in font [lmmono9-regular]:!
Missing character: There is no с in font [lmmono9-regular]:!
Missing character: There is no л in font [lmmono9-regular]:!
Missing character: There is no е in font [lmmono9-regular]:!
Missing character: There is no д in font [lmmono9-regular]:!
Missing character: There is no у in font [lmmono9-regular]:!
Missing character: There is no ю in font [lmmono9-regular]:!
Missing character: There is no щ in font [lmmono9-regular]:!
Missing character: There is no и in font [lmmono9-regular]:!
Missing character: There is no е in font [lmmono9-regular]:!
Missing character: There is no м in font [lmmono9-regular]:!
Missing character: There is no а in font [lmmono9-regular]:!
Missing character: There is no к in font [lmmono9-regular]:!
Missing character: There is no с in font [lmmono9-regular]:!
Missing character: There is no м in font [lmmono9-regular]:!
Missing character: There is no а in font [lmmono9-regular]:!
Missing character: There is no л in font [lmmono9-regular]:!
Missing character: There is no ь in font [lmmono9-regular]:!
Missing character: There is no н in font [lmmono9-regular]:!
Missing character: There is no о in font [lmmono9-regular]:!
Missing character: There is no е in font [lmmono9-regular]:!
Missing character: There is no и in font [lmmono9-regular]:!
Missing character: There is no м in font [lmmono9-regular]:!
Missing character: There is no и in font [lmmono9-regular]:!
Missing character: There is no н in font [lmmono9-regular]:!
Missing character: There is no и in font [lmmono9-regular]:!
Missing character: There is no м in font [lmmono9-regular]:!
Missing character: There is no а in font [lmmono9-regular]:!
Missing character: There is no л in font [lmmono9-regular]:!
Missing character: There is no ь in font [lmmono9-regular]:!
Missing character: There is no н in font [lmmono9-regular]:!
Missing character: There is no о in font [lmmono9-regular]:!
Missing character: There is no е in font [lmmono9-regular]:!
Missing character: There is no с in font [lmmono9-regular]:!
Missing character: There is no о in font [lmmono9-regular]:!
Missing character: There is no б in font [lmmono9-regular]:!
Missing character: There is no с in font [lmmono9-regular]:!
Missing character: There is no т in font [lmmono9-regular]:!
Missing character: There is no в in font [lmmono9-regular]:!
Missing character: There is no е in font [lmmono9-regular]:!
Missing character: There is no н in font [lmmono9-regular]:!
Missing character: There is no н in font [lmmono9-regular]:!
Missing character: There is no ы in font [lmmono9-regular]:!
Missing character: There is no е in font [lmmono9-regular]:!
Missing character: There is no ч in font [lmmono9-regular]:!
Missing character: There is no и in font [lmmono9-regular]:!
Missing character: There is no с in font [lmmono9-regular]:!
Missing character: There is no л in font [lmmono9-regular]:!
Missing character: There is no а in font [lmmono9-regular]:!
Missing character: There is no Ч in font [lmmono9-regular]:!
Missing character: There is no и in font [lmmono9-regular]:!
Missing character: There is no с in font [lmmono9-regular]:!
Missing character: There is no л in font [lmmono9-regular]:!
Missing character: There is no о in font [lmmono9-regular]:!
Missing character: There is no о in font [lmmono9-regular]:!
Missing character: There is no б in font [lmmono9-regular]:!
Missing character: There is no у in font [lmmono9-regular]:!
Missing character: There is no с in font [lmmono9-regular]:!
Missing character: There is no л in font [lmmono9-regular]:!
Missing character: There is no о in font [lmmono9-regular]:!
Missing character: There is no в in font [lmmono9-regular]:!
Missing character: There is no л in font [lmmono9-regular]:!
Missing character: There is no е in font [lmmono9-regular]:!
Missing character: There is no н in font [lmmono9-regular]:!
Missing character: There is no н in font [lmmono9-regular]:!
Missing character: There is no о in font [lmmono9-regular]:!
Missing character: There is no с in font [lmmono9-regular]:!
Missing character: There is no т in font [lmmono9-regular]:!
Missing character: There is no и in font [lmmono9-regular]:!
Missing character: There is no м in font [lmmono9-regular]:!
Missing character: There is no а in font [lmmono9-regular]:!
Missing character: There is no т in font [lmmono9-regular]:!
Missing character: There is no р in font [lmmono9-regular]:!
Missing character: There is no и in font [lmmono9-regular]:!
Missing character: There is no ц in font [lmmono9-regular]:!
Missing character: There is no ы in font [lmmono9-regular]:!
Missing character: There is no р in font [lmmono9-regular]:!
Missing character: There is no а in font [lmmono9-regular]:!
Missing character: There is no в in font [lmmono9-regular]:!
Missing character: There is no н in font [lmmono9-regular]:!
Missing character: There is no о in font [lmmono9-regular]:!
Missing character: There is no О in font [lmmono9-regular]:!
Missing character: There is no ц in font [lmmono9-regular]:!
Missing character: There is no е in font [lmmono9-regular]:!
Missing character: There is no н in font [lmmono9-regular]:!
Missing character: There is no к in font [lmmono9-regular]:!
Missing character: There is no а in font [lmmono9-regular]:!
Missing character: There is no р in font [lmmono9-regular]:!
Missing character: There is no а in font [lmmono9-regular]:!
Missing character: There is no д in font [lmmono9-regular]:!
Missing character: There is no и in font [lmmono9-regular]:!
Missing character: There is no у in font [lmmono9-regular]:!
Missing character: There is no с in font [lmmono9-regular]:!
Missing character: There is no а in font [lmmono9-regular]:!
Missing character: There is no д in font [lmmono9-regular]:!
Missing character: There is no о in font [lmmono9-regular]:!
Missing character: There is no п in font [lmmono9-regular]:!
Missing character: There is no у in font [lmmono9-regular]:!
Missing character: There is no с in font [lmmono9-regular]:!
Missing character: There is no т in font [lmmono9-regular]:!
Missing character: There is no и in font [lmmono9-regular]:!
Missing character: There is no м in font [lmmono9-regular]:!
Missing character: There is no о in font [lmmono9-regular]:!
Missing character: There is no й in font [lmmono9-regular]:!
Missing character: There is no о in font [lmmono9-regular]:!
Missing character: There is no б in font [lmmono9-regular]:!
Missing character: There is no л in font [lmmono9-regular]:!
Missing character: There is no а in font [lmmono9-regular]:!
Missing character: There is no с in font [lmmono9-regular]:!
Missing character: There is no т in font [lmmono9-regular]:!
Missing character: There is no и in font [lmmono9-regular]:!
[7] [8] [9] [10] (experiment_id.aux)

LaTeX Warning: Label(s) may have changed. Rerun to get cross-references right.

 ) 
Here is how much of TeX's memory you used:
 6887 strings out of 410967
 135785 string characters out of 2828016
 995442 words of memory out of 3000000
 27616 multiletter control sequences out of 15000+600000
 471130 words of font info for 40 fonts, out of 8000000 for 9000
 1348 hyphenation exceptions out of 8191
 108i,8n,106p,10631b,1663s stack positions out of 10000i,1000n,20000p,200000b,80000s

Output written on experiment_id.pdf (10 pages).
