This is XeTeX, Version 3.141592653-2.6-0.999994 (MiKTeX 22.3) (preloaded format=xelatex 2022.4.23)  25 SEP 2022 20:09
entering extended mode
 restricted \write18 enabled.
 file:line:error style messages enabled.
 %&-line parsing enabled.
**\newcounter{fontfamily}\setcounter{fontfamily}{1 }\input{synopsis_booklet.tex
}
(synopsis_booklet.tex (C:\Program Files\MiKTeX\tex/latex/koma-script\scrartcl.c
ls
Document Class: scrartcl 2021/11/13 v3.35 KOMA-Script document class (article)
(C:\Program Files\MiKTeX\tex/latex/koma-script\scrkbase.sty
Package: scrkbase 2021/11/13 v3.35 KOMA-Script package (KOMA-Script-dependent b
asics and keyval usage)
(C:\Program Files\MiKTeX\tex/latex/koma-script\scrbase.sty
Package: scrbase 2021/11/13 v3.35 KOMA-Script package (KOMA-Script-independent 
basics and keyval usage)
(C:\Program Files\MiKTeX\tex/latex/koma-script\scrlfile.sty
Package: scrlfile 2021/11/13 v3.35 KOMA-Script package (file load hooks)
(C:\Program Files\MiKTeX\tex/latex/koma-script\scrlfile-hook.sty
Package: scrlfile-hook 2021/11/13 v3.35 KOMA-Script package (using LaTeX hooks)

(C:\Program Files\MiKTeX\tex/latex/koma-script\scrlogo.sty
Package: scrlogo 2021/11/13 v3.35 KOMA-Script package (logo)
))) (C:\Program Files\MiKTeX\tex/latex/graphics\keyval.sty
Package: keyval 2014/10/28 v1.15 key=value parser (DPC)
\KV@toks@=\toks16
)
Applying: [2021/05/01] Usage of raw or classic option list on input line 252.
Already applied: [0000/00/00] Usage of raw or classic option list on input line
 368.
)) (C:\Program Files\MiKTeX\tex/latex/koma-script\tocbasic.sty
Package: tocbasic 2021/11/13 v3.35 KOMA-Script package (handling toc-files)
\scr@dte@tocline@numberwidth=\skip47
\scr@dte@tocline@numbox=\box50
)
Package tocbasic Info: babel extension for `toc' omitted
(tocbasic)             because of missing \bbl@set@language on input line 135.
Class scrartcl Info: File `scrsize11pt.clo' used instead of
(scrartcl)           file `scrsize11.clo' to setup font sizes on input line 224
2.
(C:\Program Files\MiKTeX\tex/latex/koma-script\scrsize11pt.clo
File: scrsize11pt.clo 2021/11/13 v3.35 KOMA-Script font size class option (11pt
)
) (C:\Program Files\MiKTeX\tex/latex/koma-script\typearea.sty
Package: typearea 2021/11/13 v3.35 KOMA-Script package (type area)
\ta@bcor=\skip48
\ta@div=\count182
\ta@hblk=\skip49
\ta@vblk=\skip50
\ta@temp=\skip51
\footheight=\skip52
Package typearea Info: These are the values describing the layout:
(typearea)             DIV  = 10
(typearea)             BCOR = 0.0pt
(typearea)             \paperwidth      = 597.50793pt
(typearea)              \textwidth      = 418.25555pt
(typearea)              DIV departure   = -6%
(typearea)              \evensidemargin = 17.3562pt
(typearea)              \oddsidemargin  = 17.3562pt
(typearea)             \paperheight     = 845.04694pt
(typearea)              \textheight     = 595.80026pt
(typearea)              \topmargin      = -25.16531pt
(typearea)              \headheight     = 17.0pt
(typearea)              \headsep        = 20.40001pt
(typearea)              \topskip        = 11.0pt
(typearea)              \footskip       = 47.6pt
(typearea)              \baselineskip   = 13.6pt
(typearea)              on input line 1743.
)
\c@part=\count183
\c@section=\count184
\c@subsection=\count185
\c@subsubsection=\count186
\c@paragraph=\count187
\c@subparagraph=\count188
\scr@dte@section@maxnumwidth=\skip53
Class scrartcl Info: using compatibility default `runin=bysign'
(scrartcl)           for `\section on input line 4852.
Class scrartcl Info: using compatibility default `afterindent=bysign'
(scrartcl)           for `\section on input line 4852.
\scr@dte@part@maxnumwidth=\skip54
Class scrartcl Info: using compatibility default `afterindent=false'
(scrartcl)           for `\part on input line 4860.
\scr@dte@subsection@maxnumwidth=\skip55
Class scrartcl Info: using compatibility default `runin=bysign'
(scrartcl)           for `\subsection on input line 4870.
Class scrartcl Info: using compatibility default `afterindent=bysign'
(scrartcl)           for `\subsection on input line 4870.
\scr@dte@subsubsection@maxnumwidth=\skip56
Class scrartcl Info: using compatibility default `runin=bysign'
(scrartcl)           for `\subsubsection on input line 4880.
Class scrartcl Info: using compatibility default `afterindent=bysign'
(scrartcl)           for `\subsubsection on input line 4880.
\scr@dte@paragraph@maxnumwidth=\skip57
Class scrartcl Info: using compatibility default `runin=bysign'
(scrartcl)           for `\paragraph on input line 4891.
Class scrartcl Info: using compatibility default `afterindent=bysign'
(scrartcl)           for `\paragraph on input line 4891.
\scr@dte@subparagraph@maxnumwidth=\skip58
Class scrartcl Info: using compatibility default `runin=bysign'
(scrartcl)           for `\subparagraph on input line 4901.
Class scrartcl Info: using compatibility default `afterindent=bysign'
(scrartcl)           for `\subparagraph on input line 4901.
\abovecaptionskip=\skip59
\belowcaptionskip=\skip60
\c@pti@nb@sid@b@x=\box51
Package tocbasic Info: babel extension for `lof' omitted
(tocbasic)             because of missing \bbl@set@language on input line 6076.

\scr@dte@figure@maxnumwidth=\skip61
\c@figure=\count189
Package tocbasic Info: babel extension for `lot' omitted
(tocbasic)             because of missing \bbl@set@language on input line 6091.

\scr@dte@table@maxnumwidth=\skip62
\c@table=\count190
Class scrartcl Info: Redefining `\numberline' on input line 6258.
\bibindent=\dimen138
) (C:\Program Files\MiKTeX\tex/latex/pdfpages\pdfpages.sty
Package: pdfpages 2022/01/29 v0.5u Insert pages of external PDF documents (AM)
(C:\Program Files\MiKTeX\tex/latex/base\ifthen.sty
Package: ifthen 2020/11/24 v1.1c Standard LaTeX ifthen package (DPC)
) (C:\Program Files\MiKTeX\tex/latex/tools\calc.sty
Package: calc 2017/05/25 v4.3 Infix arithmetic (KKT,FJ)
\calc@Acount=\count191
\calc@Bcount=\count192
\calc@Adimen=\dimen139
\calc@Bdimen=\dimen140
\calc@Askip=\skip63
\calc@Bskip=\skip64
LaTeX Info: Redefining \setlength on input line 80.
LaTeX Info: Redefining \addtolength on input line 81.
\calc@Ccount=\count193
\calc@Cskip=\skip65
) (C:\Program Files\MiKTeX\tex/latex/eso-pic\eso-pic.sty
Package: eso-pic 2020/10/14 v3.0a eso-pic (RN)
\ESO@tempdima=\dimen141
\ESO@tempdimb=\dimen142
(C:\Program Files\MiKTeX\tex/latex/xcolor\xcolor.sty
Package: xcolor 2021/10/31 v2.13 LaTeX color extensions (UK)
(C:\Program Files\MiKTeX\tex/latex/graphics-cfg\color.cfg
File: color.cfg 2016/01/02 v1.6 sample color configuration
)
Package xcolor Info: Driver file: xetex.def on input line 227.
(C:\Program Files\MiKTeX\tex/latex/graphics-def\xetex.def
File: xetex.def 2021/03/18 v5.0k Graphics/color driver for xetex
)
Package xcolor Info: Model `cmy' substituted by `cmy0' on input line 1352.
Package xcolor Info: Model `RGB' extended on input line 1368.
Package xcolor Info: Model `HTML' substituted by `rgb' on input line 1370.
Package xcolor Info: Model `Hsb' substituted by `hsb' on input line 1371.
Package xcolor Info: Model `tHsb' substituted by `hsb' on input line 1372.
Package xcolor Info: Model `HSB' substituted by `hsb' on input line 1373.
Package xcolor Info: Model `Gray' substituted by `gray' on input line 1374.
Package xcolor Info: Model `wave' substituted by `hsb' on input line 1375.
)) (C:\Program Files\MiKTeX\tex/latex/graphics\graphicx.sty
Package: graphicx 2021/09/16 v1.2d Enhanced LaTeX Graphics (DPC,SPQR)
(C:\Program Files\MiKTeX\tex/latex/graphics\graphics.sty
Package: graphics 2021/03/04 v1.4d Standard LaTeX Graphics (DPC,SPQR)
(C:\Program Files\MiKTeX\tex/latex/graphics\trig.sty
Package: trig 2021/08/11 v1.11 sin cos tan (DPC)
) (C:\Program Files\MiKTeX\tex/latex/graphics-cfg\graphics.cfg
File: graphics.cfg 2016/06/04 v1.11 sample graphics configuration
)
Package graphics Info: Driver file: xetex.def on input line 107.
)
\Gin@req@height=\dimen143
\Gin@req@width=\dimen144
)
\AM@pagewidth=\dimen145
\AM@pageheight=\dimen146
\AM@fboxrule=\dimen147
(C:\Program Files\MiKTeX\tex/latex/pdfpages\ppxetex.def
File: ppxetex.def 2022/01/29 v0.5u Pdfpages driver for XeTeX (AM)
)
\pdfpages@includegraphics@status=\count194
\AM@pagebox=\box52
\AM@global@opts=\toks17
\AM@pagecnt=\count195
\AM@toc@title=\toks18
\c@AM@survey=\count196
\AM@templatesizebox=\box53
) (C:\Program Files\MiKTeX\tex/latex/l3backend\l3backend-xetex.def
File: l3backend-xetex.def 2022-02-07 L3 backend support: XeTeX
()
\c__kernel_sys_dvipdfmx_version_int=\count197
\l__color_backend_stack_int=\count198
\g__color_backend_stack_int=\count199
\g__graphics_track_int=\count266
\l__pdf_internal_box=\box54
\g__pdf_backend_object_int=\count267
\g__pdf_backend_annotation_int=\count268
\g__pdf_backend_link_int=\count269
) (synopsis_booklet.aux)
\openout1 = `synopsis_booklet.aux'.

LaTeX Font Info:    Checking defaults for OML/cmm/m/it on input line 4.
LaTeX Font Info:    ... okay on input line 4.
LaTeX Font Info:    Checking defaults for OMS/cmsy/m/n on input line 4.
LaTeX Font Info:    ... okay on input line 4.
LaTeX Font Info:    Checking defaults for OT1/cmr/m/n on input line 4.
LaTeX Font Info:    ... okay on input line 4.
LaTeX Font Info:    Checking defaults for T1/cmr/m/n on input line 4.
LaTeX Font Info:    ... okay on input line 4.
LaTeX Font Info:    Checking defaults for TS1/cmr/m/n on input line 4.
LaTeX Font Info:    Trying to load font information for TS1+cmr on input line 4
.
(C:\Program Files\MiKTeX\tex/latex/base\ts1cmr.fd
File: ts1cmr.fd 2019/12/16 v2.5j Standard LaTeX font definitions
)
LaTeX Font Info:    ... okay on input line 4.
LaTeX Font Info:    Checking defaults for TU/lmr/m/n on input line 4.
LaTeX Font Info:    ... okay on input line 4.
LaTeX Font Info:    Checking defaults for OMX/cmex/m/n on input line 4.
LaTeX Font Info:    ... okay on input line 4.
LaTeX Font Info:    Checking defaults for U/cmr/m/n on input line 4.
LaTeX Font Info:    ... okay on input line 4.
Package scrbase Info: activating english \contentsname on input line 4.
Package scrbase Info: activating english \listfigurename on input line 4.
Package scrbase Info: activating english \listtablename on input line 4.
(C:\Program Files\MiKTeX\tex/latex/pdflscape\pdflscape.sty
Package: pdflscape 2019/12/05 v0.12 Display of landscape pages in PDF (HO)
(C:\Program Files\MiKTeX\tex/generic/iftex\iftex.sty
Package: iftex 2022/02/03 v1.0f TeX engine tests
) (C:\Program Files\MiKTeX\tex/latex/graphics\lscape.sty
Package: lscape 2020/05/28 v3.02 Landscape Pages (DPC)
)
Package pdflscape Info: Auto-detected driver: dvipdfm (xetex) on input line 98.

(C:\Program Files\MiKTeX\tex/latex/base\atbegshi-ltx.sty
Package: atbegshi-ltx 2021/01/10 v1.0c Emulation of the original atbegshi
package with kernel methods
))
File: synopsis.pdf Graphic file (type pdf)
<use synopsis.pdf>
File: synopsis.pdf Graphic file (type pdf)
<use synopsis.pdf>
File: synopsis.pdf Graphic file (type pdf)
<use synopsis.pdf, page 1>
File: synopsis.pdf Graphic file (type pdf)
<use synopsis.pdf, page 1>
File: synopsis.pdf Graphic file (type pdf)
<use synopsis.pdf, page 1>
File: synopsis.pdf Graphic file (type pdf)
<use synopsis.pdf, page 1>
File: synopsis.pdf Graphic file (type pdf)
<use synopsis.pdf, page 1>
File: synopsis.pdf Graphic file (type pdf)
<use synopsis.pdf, page 1>
File: synopsis.pdf Graphic file (type pdf)
<use synopsis.pdf, page 1>
[1

]
File: synopsis.pdf Graphic file (type pdf)
<use synopsis.pdf, page 1>
File: synopsis.pdf Graphic file (type pdf)
<use synopsis.pdf, page 1>
File: synopsis.pdf Graphic file (type pdf)
<use synopsis.pdf, page 2>
File: synopsis.pdf Graphic file (type pdf)
<use synopsis.pdf, page 2>
File: synopsis.pdf Graphic file (type pdf)
<use synopsis.pdf, page 2>
[2]
File: synopsis.pdf Graphic file (type pdf)
<use synopsis.pdf, page 22>
File: synopsis.pdf Graphic file (type pdf)
<use synopsis.pdf, page 22>
File: synopsis.pdf Graphic file (type pdf)
<use synopsis.pdf, page 3>
File: synopsis.pdf Graphic file (type pdf)
<use synopsis.pdf, page 3>
File: synopsis.pdf Graphic file (type pdf)
<use synopsis.pdf, page 22>
File: synopsis.pdf Graphic file (type pdf)
<use synopsis.pdf, page 3>
[3]
File: synopsis.pdf Graphic file (type pdf)
<use synopsis.pdf, page 21>
File: synopsis.pdf Graphic file (type pdf)
<use synopsis.pdf, page 21>
File: synopsis.pdf Graphic file (type pdf)
<use synopsis.pdf, page 4>
File: synopsis.pdf Graphic file (type pdf)
<use synopsis.pdf, page 4>
File: synopsis.pdf Graphic file (type pdf)
<use synopsis.pdf, page 21>
File: synopsis.pdf Graphic file (type pdf)
<use synopsis.pdf, page 4>
[4]
File: synopsis.pdf Graphic file (type pdf)
<use synopsis.pdf, page 20>
File: synopsis.pdf Graphic file (type pdf)
<use synopsis.pdf, page 20>
File: synopsis.pdf Graphic file (type pdf)
<use synopsis.pdf, page 5>
File: synopsis.pdf Graphic file (type pdf)
<use synopsis.pdf, page 5>
File: synopsis.pdf Graphic file (type pdf)
<use synopsis.pdf, page 20>
File: synopsis.pdf Graphic file (type pdf)
<use synopsis.pdf, page 5>
[5]
File: synopsis.pdf Graphic file (type pdf)
<use synopsis.pdf, page 19>
File: synopsis.pdf Graphic file (type pdf)
<use synopsis.pdf, page 19>
File: synopsis.pdf Graphic file (type pdf)
<use synopsis.pdf, page 6>
File: synopsis.pdf Graphic file (type pdf)
<use synopsis.pdf, page 6>
File: synopsis.pdf Graphic file (type pdf)
<use synopsis.pdf, page 19>
File: synopsis.pdf Graphic file (type pdf)
<use synopsis.pdf, page 6>
[6]
File: synopsis.pdf Graphic file (type pdf)
<use synopsis.pdf, page 18>
File: synopsis.pdf Graphic file (type pdf)
<use synopsis.pdf, page 18>
File: synopsis.pdf Graphic file (type pdf)
<use synopsis.pdf, page 7>
File: synopsis.pdf Graphic file (type pdf)
<use synopsis.pdf, page 7>
File: synopsis.pdf Graphic file (type pdf)
<use synopsis.pdf, page 18>
File: synopsis.pdf Graphic file (type pdf)
<use synopsis.pdf, page 7>
[7]
File: synopsis.pdf Graphic file (type pdf)
<use synopsis.pdf, page 17>
File: synopsis.pdf Graphic file (type pdf)
<use synopsis.pdf, page 17>
File: synopsis.pdf Graphic file (type pdf)
<use synopsis.pdf, page 8>
File: synopsis.pdf Graphic file (type pdf)
<use synopsis.pdf, page 8>
File: synopsis.pdf Graphic file (type pdf)
<use synopsis.pdf, page 17>
File: synopsis.pdf Graphic file (type pdf)
<use synopsis.pdf, page 8>
[8]
File: synopsis.pdf Graphic file (type pdf)
<use synopsis.pdf, page 16>
File: synopsis.pdf Graphic file (type pdf)
<use synopsis.pdf, page 16>
File: synopsis.pdf Graphic file (type pdf)
<use synopsis.pdf, page 9>
File: synopsis.pdf Graphic file (type pdf)
<use synopsis.pdf, page 9>
File: synopsis.pdf Graphic file (type pdf)
<use synopsis.pdf, page 16>
File: synopsis.pdf Graphic file (type pdf)
<use synopsis.pdf, page 9>
[9]
File: synopsis.pdf Graphic file (type pdf)
<use synopsis.pdf, page 15>
File: synopsis.pdf Graphic file (type pdf)
<use synopsis.pdf, page 15>
File: synopsis.pdf Graphic file (type pdf)
<use synopsis.pdf, page 10>
File: synopsis.pdf Graphic file (type pdf)
<use synopsis.pdf, page 10>
File: synopsis.pdf Graphic file (type pdf)
<use synopsis.pdf, page 15>
File: synopsis.pdf Graphic file (type pdf)
<use synopsis.pdf, page 10>
[10]
File: synopsis.pdf Graphic file (type pdf)
<use synopsis.pdf, page 14>
File: synopsis.pdf Graphic file (type pdf)
<use synopsis.pdf, page 14>
File: synopsis.pdf Graphic file (type pdf)
<use synopsis.pdf, page 11>
File: synopsis.pdf Graphic file (type pdf)
<use synopsis.pdf, page 11>
File: synopsis.pdf Graphic file (type pdf)
<use synopsis.pdf, page 14>
File: synopsis.pdf Graphic file (type pdf)
<use synopsis.pdf, page 11>
[11]
File: synopsis.pdf Graphic file (type pdf)
<use synopsis.pdf, page 13>
File: synopsis.pdf Graphic file (type pdf)
<use synopsis.pdf, page 13>
File: synopsis.pdf Graphic file (type pdf)
<use synopsis.pdf, page 12>
File: synopsis.pdf Graphic file (type pdf)
<use synopsis.pdf, page 12>
File: synopsis.pdf Graphic file (type pdf)
<use synopsis.pdf, page 13>
File: synopsis.pdf Graphic file (type pdf)
<use synopsis.pdf, page 12>
[12] (synopsis_booklet.aux) ) 
Here is how much of TeX's memory you used:
 5242 strings out of 410967
 108078 string characters out of 2828016
 526974 words of memory out of 3000000
 25975 multiletter control sequences out of 15000+600000
 469267 words of font info for 29 fonts, out of 8000000 for 9000
 1348 hyphenation exceptions out of 8191
 112i,19n,109p,10690b,475s stack positions out of 10000i,1000n,20000p,200000b,80000s

Output written on synopsis_booklet.xdv (12 pages, 10120 bytes).
